<?xml version="1.0" encoding="UTF-8" ?>
<testsuite tests="3" failures="0" name="org.seckill.service.SeckillServiceTest" time="0.302" errors="0" skipped="0">
  <properties>
[...]
</properties>
  <testcase classname="org.seckill.service.SeckillServiceTest" name="testGetById" time="0.001"/>
  <testcase classname="org.seckill.service.SeckillServiceTest" name="testGetSeckillList" time="0.001"/>
  <testcase classname="org.seckill.service.SeckillServiceTest" name="testSeckill" time="0.3"/>
</testsuite>