<?xml version="1.0" encoding="UTF-8" ?>
<testsuite tests="2" failures="0" name="org.seckill.dao.SuccessKilledDaoTest" time="0.002" errors="1" skipped="0">
  <properties>
[...]
</properties>
  <testcase classname="org.seckill.dao.SuccessKilledDaoTest" name="queryByIdWithSeckillTest" time="0.001">
    <error type="java.lang.NullPointerException">java.lang.NullPointerException
	at org.seckill.dao.SuccessKilledDaoTest.queryByIdWithSeckillTest(SuccessKilledDaoTest.java:33)
	at sun.reflect.NativeMethodAccessorImpl.invoke0(Native Method)
	at sun.reflect.NativeMethodAccessorImpl.invoke(Unknown Source)
	at sun.reflect.DelegatingMethodAccessorImpl.invoke(Unknown Source)
	at java.lang.reflect.Method.invoke(Unknown Source)
	at org.junit.runners.model.FrameworkMethod$1.runReflectiveCall(FrameworkMethod.java:47)
	at org.junit.internal.runners.model.ReflectiveCallable.run(ReflectiveCallable.java:12)
	at org.junit.runners.model.FrameworkMethod.invokeExplosively(FrameworkMethod.java:44)
	at org.junit.internal.runners.statements.InvokeMethod.evaluate(InvokeMethod.java:17)
	at org.springframework.test.context.junit4.statements.RunBeforeTestMethodCallbacks.evaluate(RunBeforeTestMethodCallbacks.java:73)
	at org.springframework.test.context.junit4.statements.RunAfterTestMethodCallbacks.evaluate(RunAfterTestMethodCallbacks.java:82)
	at org.springframework.test.context.junit4.statements.SpringRepeat.evaluate(SpringRepeat.java:73)
	at org.junit.runners.ParentRunner.runLeaf(ParentRunner.java:271)
	at org.springframework.test.context.junit4.SpringJUnit4ClassRunner.runChild(SpringJUnit4ClassRunner.java:224)
	at org.springframework.test.context.junit4.SpringJUnit4ClassRunner.runChild(SpringJUnit4ClassRunner.java:83)
	at org.junit.runners.ParentRunner$3.run(ParentRunner.java:238)
	at org.junit.runners.ParentRunner$1.schedule(ParentRunner.java:63)
	at org.junit.runners.ParentRunner.runChildren(ParentRunner.java:236)
	at org.junit.runners.ParentRunner.access$000(ParentRunner.java:53)
	at org.junit.runners.ParentRunner$2.evaluate(ParentRunner.java:229)
	at org.springframework.test.context.junit4.statements.RunBeforeTestClassCallbacks.evaluate(RunBeforeTestClassCallbacks.java:61)
	at org.springframework.test.context.junit4.statements.RunAfterTestClassCallbacks.evaluate(RunAfterTestClassCallbacks.java:68)
	at org.junit.runners.ParentRunner.run(ParentRunner.java:309)
	at org.springframework.test.context.junit4.SpringJUnit4ClassRunner.run(SpringJUnit4ClassRunner.java:163)
	at org.apache.maven.surefire.junit4.JUnit4Provider.execute(JUnit4Provider.java:252)
	at org.apache.maven.surefire.junit4.JUnit4Provider.executeTestSet(JUnit4Provider.java:141)
	at org.apache.maven.surefire.junit4.JUnit4Provider.invoke(JUnit4Provider.java:112)
	at sun.reflect.NativeMethodAccessorImpl.invoke0(Native Method)
	at sun.reflect.NativeMethodAccessorImpl.invoke(Unknown Source)
	at sun.reflect.DelegatingMethodAccessorImpl.invoke(Unknown Source)
	at java.lang.reflect.Method.invoke(Unknown Source)
	at org.apache.maven.surefire.util.ReflectionUtils.invokeMethodWithArray(ReflectionUtils.java:189)
	at org.apache.maven.surefire.booter.ProviderFactory$ProviderProxy.invoke(ProviderFactory.java:165)
	at org.apache.maven.surefire.booter.ProviderFactory.invokeProvider(ProviderFactory.java:85)
	at org.apache.maven.surefire.booter.ForkedBooter.runSuitesInProcess(ForkedBooter.java:115)
	at org.apache.maven.surefire.booter.ForkedBooter.main(ForkedBooter.java:75)
</error>
    <system-out>17:21:06.601 [main] DEBUG org.mybatis.spring.SqlSessionUtils - Creating a new SqlSession
17:21:06.601 [main] DEBUG org.mybatis.spring.SqlSessionUtils - SqlSession [org.apache.ibatis.session.defaults.DefaultSqlSession@119ac19] was not registered for synchronization because synchronization is not active
17:21:06.601 [main] DEBUG o.m.s.t.SpringManagedTransaction - JDBC Connection [com.mchange.v2.c3p0.impl.NewProxyConnection@1329995] will not be managed by Spring
17:21:06.601 [main] DEBUG o.s.d.S.queryByIdWithSeckill - ==&gt;  Preparing: select sk.seckill_id,sk.user_phone,sk.create_time, sk.state, s.seckill_id &quot;seckill.seckill_id&quot;, s.name &quot;seckill.name&quot;, s.number &quot;seckill.number&quot;, s.start_time &quot;seckill.start_time&quot;, s.end_time &quot;seckill.end_time&quot;, s.create_time &quot;seckill.create_time&quot; from success_killed sk inner join seckill s on sk.seckill_id=s.seckill_id where sk.seckill_id=? and sk.user_phone=?; 
17:21:06.602 [main] DEBUG o.s.d.S.queryByIdWithSeckill - ==&gt; Parameters: 1000(Long), 361555(Long)
17:21:06.605 [main] DEBUG o.s.d.S.queryByIdWithSeckill - &lt;==      Total: 0
17:21:06.605 [main] DEBUG org.mybatis.spring.SqlSessionUtils - Closing non transactional SqlSession [org.apache.ibatis.session.defaults.DefaultSqlSession@119ac19]
</system-out>
    <system-err>十二月 25, 2016 5:21:06 下午 org.springframework.test.context.support.DefaultTestContextBootstrapper getDefaultTestExecutionListenerClassNames
信息: Loaded default TestExecutionListener class names from location [META-INF/spring.factories]: [org.springframework.test.context.web.ServletTestExecutionListener, org.springframework.test.context.support.DependencyInjectionTestExecutionListener, org.springframework.test.context.support.DirtiesContextTestExecutionListener, org.springframework.test.context.transaction.TransactionalTestExecutionListener, org.springframework.test.context.jdbc.SqlScriptsTestExecutionListener]
十二月 25, 2016 5:21:06 下午 org.springframework.test.context.support.DefaultTestContextBootstrapper getTestExecutionListeners
信息: Using TestExecutionListeners: [org.springframework.test.context.web.ServletTestExecutionListener@1eda63, org.springframework.test.context.support.DependencyInjectionTestExecutionListener@1246ea3, org.springframework.test.context.support.DirtiesContextTestExecutionListener@1814d3, org.springframework.test.context.transaction.TransactionalTestExecutionListener@197ad89, org.springframework.test.context.jdbc.SqlScriptsTestExecutionListener@19cba5a]
</system-err>
  </testcase>
  <testcase classname="org.seckill.dao.SuccessKilledDaoTest" name="insertSuccessKilledTest" time="0.001"/>
</testsuite>